New log file opened at Tue Apr 26 16:58:05 CDT 2016 by 28187@ecofer-Aspire-V3-572G
Taking next connection to: 42890
New client attempting to connect on port: 54034-42890
  Address = /127.0.1.1:42890
This client on port 54034 has uuid d5b49be5-c316-4414-92ea-64915cb87316 configName activator humanReadableName Activator protocolVersion 3 featureTags Vector()
Connected Clients: activator-d5b49be5-c316-4414-92ea-64915cb87316
Taking next connection to: 42890
New client attempting to connect on port: 54036-42890
  Address = /127.0.1.1:42890
Handshake exception on socket: 54036
sbt.impl.ipc.HandshakeException: Unable to perform handshake
	at sbt.impl.ipc.Peer.handshake(IPC.scala:46)
	at sbt.impl.ipc.MultiClientServer.<init>(IPC.scala:150)
	at sbt.server.SbtServerSocketHandler$$anon$1.run(SbtServerSocketHandler.scala:43)
Caused by: java.io.EOFException
	at java.io.DataInputStream.readInt(DataInputStream.java:392)
	at sbt.impl.ipc.Peer.receive(IPC.scala:95)
	at sbt.impl.ipc.Peer.handshake(IPC.scala:49)
	... 2 more
Taking next connection to: 42890
New client attempting to connect on port: 54038-42890
  Address = /127.0.1.1:42890
This client on port 54038 has uuid db6853d8-6c3e-468d-9a99-80ef6f54750d configName activator humanReadableName Activator protocolVersion 3 featureTags Vector()
Connected Clients: activator-d5b49be5-c316-4414-92ea-64915cb87316, activator-db6853d8-6c3e-468d-9a99-80ef6f54750d
Taking next connection to: 42890
